<?xml version="1.0" encoding="UTF-8"?>
<!-- Generated by org.testng.reporters.JUnitXMLReporter -->
<testsuite ignored="0" hostname="khutalsaheb" failures="1" tests="4" name="ChromeTest" time="32.098" errors="0" timestamp="2022-11-09T10:43:53 IST">
  <testcase classname="com.SauceDemo.Version2.TestPackage.TC001_Verify_Login" name="VerifyLogin" time="0.047"/>
  <testcase classname="com.SauceDemo.Version2.TestPackage.TC002_VerifyBagProduct_AddtoCart" name="VrifyBagAddToCart" time="0.466"/>
  <testcase classname="com.SauceDemo.Version2.TestPackage.TC003_AllProduct_AddToCart" name="VerifyAllProdAddToCart" time="0.881">
    <failure type="java.lang.AssertionError" message="expected [6] but found [5]">
      <![CDATA[java.lang.AssertionError: expected [6] but found [5]
at com.SauceDemo.Version2.TestPackage.TC003_AllProduct_AddToCart.VerifyAllProdAddToCart(TC003_AllProduct_AddToCart.java:29)
at java.base/java.util.ArrayList.forEach(ArrayList.java:1511)
... Removed 31 stack frames]]>
    </failure>
  </testcase> <!-- VerifyAllProdAddToCart -->
  <testcase classname="com.SauceDemo.Version2.TestPackage.TC004_VerifyLogOut" name="VerifyLogout" time="0.472"/>
</testsuite> <!-- ChromeTest -->
