<?xml version="1.0" encoding="UTF-8"?>
<!-- Generated by org.testng.reporters.JUnitXMLReporter -->
<testsuite ignored="0" hostname="khutalsaheb" failures="1" tests="4" name="ChromeTest" time="31.836" errors="0" timestamp="2022-11-09T11:37:42 IST">
  <testcase classname="com.SauceDemo.Version2.TestPackage.TC001_Verify_Login" name="VerifyLogin" time="0.049"/>
  <testcase classname="com.SauceDemo.Version2.TestPackage.TC002_VerifyBagProduct_AddtoCart" name="VrifyBagAddToCart" time="0.583"/>
  <testcase classname="com.SauceDemo.Version2.TestPackage.TC003_AllProduct_AddToCart" name="VerifyAllProdAddToCart" time="1.321">
    <failure type="java.lang.AssertionError" message="expected [6] but found [5]">
      <![CDATA[java.lang.AssertionError: expected [6] but found [5]
at com.SauceDemo.Version2.TestPackage.TC003_AllProduct_AddToCart.VerifyAllProdAddToCart(TC003_AllProduct_AddToCart.java:30)
at java.base/java.util.ArrayList.forEach(ArrayList.java:1511)
... Removed 31 stack frames]]>
    </failure>
  </testcase> <!-- VerifyAllProdAddToCart -->
  <testcase classname="com.SauceDemo.Version2.TestPackage.TC004_VerifyLogOut" name="VerifyLogout" time="0.581"/>
</testsuite> <!-- ChromeTest -->
