<?xml version="1.0" encoding="UTF-8"?>
<testng-results ignored="0" total="4" passed="3" failed="1" skipped="0">
  <reporter-output>
  </reporter-output>
  <suite started-at="2022-11-09T11:37:10 IST" name="CrossBrowser-Suite" finished-at="2022-11-09T11:37:41 IST" duration-ms="31836">
    <groups>
    </groups>
    <test started-at="2022-11-09T11:37:10 IST" name="ChromeTest" finished-at="2022-11-09T11:37:41 IST" duration-ms="31836">
      <class name="com.SauceDemo.Version2.TestPackage.TC001_Verify_Login">
        <test-method is-config="true" signature="Setup(java.lang.String)[pri:0, instance:com.SauceDemo.Version2.TestPackage.TC001_Verify_Login@130161f7]" started-at="2022-11-09T11:37:10 IST" name="Setup" finished-at="2022-11-09T11:37:19 IST" duration-ms="9714" status="PASS">
          <params>
            <param index="0">
              <value>
                <![CDATA[Chrome]]>
              </value>
            </param>
          </params>
          <reporter-output>
          </reporter-output>
        </test-method> <!-- Setup -->
        <test-method signature="VerifyLogin()[pri:0, instance:com.SauceDemo.Version2.TestPackage.TC001_Verify_Login@130161f7]" started-at="2022-11-09T11:37:19 IST" name="VerifyLogin" finished-at="2022-11-09T11:37:19 IST" duration-ms="49" status="PASS">
          <reporter-output>
          </reporter-output>
        </test-method> <!-- VerifyLogin -->
        <test-method is-config="true" signature="tearDown()[pri:0, instance:com.SauceDemo.Version2.TestPackage.TC001_Verify_Login@130161f7]" started-at="2022-11-09T11:37:19 IST" name="tearDown" finished-at="2022-11-09T11:37:20 IST" duration-ms="548" status="PASS">
          <reporter-output>
          </reporter-output>
        </test-method> <!-- tearDown -->
      </class> <!-- com.SauceDemo.Version2.TestPackage.TC001_Verify_Login -->
      <class name="com.SauceDemo.Version2.TestPackage.TC003_AllProduct_AddToCart">
        <test-method is-config="true" signature="Setup(java.lang.String)[pri:0, instance:com.SauceDemo.Version2.TestPackage.TC003_AllProduct_AddToCart@6c80d78a]" started-at="2022-11-09T11:37:27 IST" name="Setup" finished-at="2022-11-09T11:37:32 IST" duration-ms="5080" status="PASS">
          <params>
            <param index="0">
              <value>
                <![CDATA[Chrome]]>
              </value>
            </param>
          </params>
          <reporter-output>
          </reporter-output>
        </test-method> <!-- Setup -->
        <test-method signature="VerifyAllProdAddToCart()[pri:0, instance:com.SauceDemo.Version2.TestPackage.TC003_AllProduct_AddToCart@6c80d78a]" started-at="2022-11-09T11:37:32 IST" name="VerifyAllProdAddToCart" finished-at="2022-11-09T11:37:33 IST" duration-ms="1321" status="FAIL">
          <exception class="java.lang.AssertionError">
            <message>
              <![CDATA[expected [6] but found [5]]]>
            </message>
            <full-stacktrace>
              <![CDATA[java.lang.AssertionError: expected [6] but found [5]
at org.testng.Assert.fail(Assert.java:99)
at org.testng.Assert.failNotEquals(Assert.java:1037)
at org.testng.Assert.assertEqualsImpl(Assert.java:140)
at org.testng.Assert.assertEquals(Assert.java:122)
at org.testng.Assert.assertEquals(Assert.java:629)
at org.testng.Assert.assertEquals(Assert.java:639)
at com.SauceDemo.Version2.TestPackage.TC003_AllProduct_AddToCart.VerifyAllProdAddToCart(TC003_AllProduct_AddToCart.java:30)
at java.base/jdk.internal.reflect.DirectMethodHandleAccessor.invoke(DirectMethodHandleAccessor.java:104)
at java.base/java.lang.reflect.Method.invoke(Method.java:577)
at org.testng.internal.MethodInvocationHelper.invokeMethod(MethodInvocationHelper.java:133)
at org.testng.internal.TestInvoker.invokeMethod(TestInvoker.java:598)
at org.testng.internal.TestInvoker.invokeTestMethod(TestInvoker.java:173)
at org.testng.internal.MethodRunner.runInSequence(MethodRunner.java:46)
at org.testng.internal.TestInvoker$MethodInvocationAgent.invoke(TestInvoker.java:824)
at org.testng.internal.TestInvoker.invokeTestMethods(TestInvoker.java:146)
at org.testng.internal.TestMethodWorker.invokeTestMethods(TestMethodWorker.java:146)
at org.testng.internal.TestMethodWorker.run(TestMethodWorker.java:128)
at java.base/java.util.ArrayList.forEach(ArrayList.java:1511)
at org.testng.TestRunner.privateRun(TestRunner.java:794)
at org.testng.TestRunner.run(TestRunner.java:596)
at org.testng.SuiteRunner.runTest(SuiteRunner.java:377)
at org.testng.SuiteRunner.runSequentially(SuiteRunner.java:371)
at org.testng.SuiteRunner.privateRun(SuiteRunner.java:332)
at org.testng.SuiteRunner.run(SuiteRunner.java:276)
at org.testng.SuiteRunnerWorker.runSuite(SuiteRunnerWorker.java:53)
at org.testng.SuiteRunnerWorker.run(SuiteRunnerWorker.java:96)
at org.testng.TestNG.runSuitesSequentially(TestNG.java:1212)
at org.testng.TestNG.runSuitesLocally(TestNG.java:1134)
at org.testng.TestNG.runSuites(TestNG.java:1063)
at org.testng.TestNG.run(TestNG.java:1031)
at org.testng.remote.AbstractRemoteTestNG.run(AbstractRemoteTestNG.java:115)
at org.testng.remote.RemoteTestNG.initAndRun(RemoteTestNG.java:251)
at org.testng.remote.RemoteTestNG.main(RemoteTestNG.java:77)
]]>
            </full-stacktrace>
          </exception> <!-- java.lang.AssertionError -->
          <reporter-output>
          </reporter-output>
        </test-method> <!-- VerifyAllProdAddToCart -->
        <test-method is-config="true" signature="tearDown()[pri:0, instance:com.SauceDemo.Version2.TestPackage.TC003_AllProduct_AddToCart@6c80d78a]" started-at="2022-11-09T11:37:33 IST" name="tearDown" finished-at="2022-11-09T11:37:33 IST" duration-ms="458" status="PASS">
          <reporter-output>
          </reporter-output>
        </test-method> <!-- tearDown -->
      </class> <!-- com.SauceDemo.Version2.TestPackage.TC003_AllProduct_AddToCart -->
      <class name="com.SauceDemo.Version2.TestPackage.TC004_VerifyLogOut">
        <test-method is-config="true" signature="Setup(java.lang.String)[pri:0, instance:com.SauceDemo.Version2.TestPackage.TC004_VerifyLogOut@62150f9e]" started-at="2022-11-09T11:37:33 IST" name="Setup" finished-at="2022-11-09T11:37:40 IST" duration-ms="7018" status="PASS">
          <params>
            <param index="0">
              <value>
                <![CDATA[Chrome]]>
              </value>
            </param>
          </params>
          <reporter-output>
          </reporter-output>
        </test-method> <!-- Setup -->
        <test-method signature="VerifyLogout()[pri:0, instance:com.SauceDemo.Version2.TestPackage.TC004_VerifyLogOut@62150f9e]" started-at="2022-11-09T11:37:40 IST" name="VerifyLogout" finished-at="2022-11-09T11:37:41 IST" duration-ms="581" status="PASS">
          <reporter-output>
          </reporter-output>
        </test-method> <!-- VerifyLogout -->
        <test-method is-config="true" signature="tearDown()[pri:0, instance:com.SauceDemo.Version2.TestPackage.TC004_VerifyLogOut@62150f9e]" started-at="2022-11-09T11:37:41 IST" name="tearDown" finished-at="2022-11-09T11:37:41 IST" duration-ms="425" status="PASS">
          <reporter-output>
          </reporter-output>
        </test-method> <!-- tearDown -->
      </class> <!-- com.SauceDemo.Version2.TestPackage.TC004_VerifyLogOut -->
      <class name="com.SauceDemo.Version2.TestPackage.TC002_VerifyBagProduct_AddtoCart">
        <test-method is-config="true" signature="Setup(java.lang.String)[pri:0, instance:com.SauceDemo.Version2.TestPackage.TC002_VerifyBagProduct_AddtoCart@52e6fdee]" started-at="2022-11-09T11:37:20 IST" name="Setup" finished-at="2022-11-09T11:37:25 IST" duration-ms="5294" status="PASS">
          <params>
            <param index="0">
              <value>
                <![CDATA[Chrome]]>
              </value>
            </param>
          </params>
          <reporter-output>
          </reporter-output>
        </test-method> <!-- Setup -->
        <test-method signature="VrifyBagAddToCart()[pri:0, instance:com.SauceDemo.Version2.TestPackage.TC002_VerifyBagProduct_AddtoCart@52e6fdee]" started-at="2022-11-09T11:37:25 IST" name="VrifyBagAddToCart" finished-at="2022-11-09T11:37:26 IST" duration-ms="583" status="PASS">
          <reporter-output>
          </reporter-output>
        </test-method> <!-- VrifyBagAddToCart -->
        <test-method is-config="true" signature="tearDown()[pri:0, instance:com.SauceDemo.Version2.TestPackage.TC002_VerifyBagProduct_AddtoCart@52e6fdee]" started-at="2022-11-09T11:37:26 IST" name="tearDown" finished-at="2022-11-09T11:37:27 IST" duration-ms="673" status="PASS">
          <reporter-output>
          </reporter-output>
        </test-method> <!-- tearDown -->
      </class> <!-- com.SauceDemo.Version2.TestPackage.TC002_VerifyBagProduct_AddtoCart -->
    </test> <!-- ChromeTest -->
  </suite> <!-- CrossBrowser-Suite -->
</testng-results>
